SF:lib/booking/booking.dart
DA:19,1
DA:21,0
DA:23,1
DA:24,1
DA:25,1
DA:26,1
DA:27,4
DA:28,1
DA:29,7
DA:30,3
DA:32,1
DA:33,0
DA:34,0
DA:36,1
DA:37,1
DA:38,1
DA:39,1
DA:40,1
DA:41,1
DA:42,1
DA:45,1
DA:47,1
DA:50,1
DA:52,1
DA:53,2
DA:54,1
DA:55,1
DA:56,1
DA:57,1
DA:58,1
DA:59,1
DA:60,1
DA:61,4
DA:62,1
DA:63,1
DA:65,1
DA:66,1
DA:67,1
DA:69,1
DA:71,1
DA:74,1
DA:76,1
DA:77,1
DA:79,1
DA:80,1
DA:83,1
DA:84,1
DA:85,1
DA:89,1
DA:91,1
DA:92,3
DA:98,1
DA:99,1
DA:100,1
DA:101,4
DA:102,1
DA:103,1
DA:104,1
DA:106,1
DA:107,1
DA:109,1
DA:110,1
DA:112,1
DA:115,1
DA:116,1
DA:118,1
DA:119,1
DA:120,4
DA:124,1
DA:125,1
DA:129,1
DA:130,1
DA:131,1
DA:132,1
DA:133,1
DA:135,1
DA:138,1
DA:139,2
DA:140,1
DA:142,1
DA:144,1
DA:145,3
DA:146,1
DA:153,1
DA:155,2
DA:156,1
DA:157,1
DA:160,3
DA:162,1
DA:163,1
DA:166,1
DA:167,1
DA:168,1
DA:169,2
DA:171,1
DA:177,1
DA:178,1
DA:180,1
DA:181,1
DA:182,1
DA:183,1
DA:184,1
DA:186,1
DA:187,1
DA:189,1
DA:192,1
DA:194,1
DA:195,1
DA:198,1
DA:199,1
DA:200,4
DA:201,1
DA:203,1
DA:205,1
DA:206,6
DA:207,1
DA:209,1
DA:211,1
DA:212,4
DA:214,1
DA:215,1
DA:220,1
DA:221,1
DA:222,1
DA:224,1
DA:225,1
DA:227,1
DA:230,1
DA:232,1
DA:233,1
DA:236,1
DA:237,1
DA:238,4
DA:239,1
DA:241,1
DA:243,1
DA:244,6
DA:245,1
DA:247,1
DA:249,1
DA:250,4
DA:252,1
DA:253,1
DA:257,1
DA:258,1
DA:259,1
DA:261,1
DA:262,1
DA:264,1
DA:265,1
DA:266,1
DA:268,1
DA:269,1
DA:270,8
DA:271,1
DA:273,1
DA:274,1
DA:278,1
DA:287,1
DA:288,1
DA:291,1
DA:292,1
DA:293,1
DA:297,1
DA:298,1
DA:299,1
DA:300,1
DA:303,1
DA:304,1
DA:305,2
DA:306,1
DA:309,1
DA:310,1
DA:311,1
DA:312,1
DA:315,3
DA:321,1
DA:322,3
DA:323,1
DA:327,1
DA:334,1
DA:335,1
DA:336,1
DA:337,1
DA:338,1
DA:339,1
DA:341,1
DA:342,1
DA:343,8
DA:344,1
DA:345,1
DA:348,2
DA:349,1
DA:350,1
DA:351,1
DA:354,1
DA:355,1
DA:357,1
DA:358,1
DA:360,1
DA:363,1
DA:365,1
DA:366,1
DA:367,1
DA:370,1
DA:373,1
DA:374,1
DA:375,1
DA:377,1
DA:378,1
DA:380,1
DA:384,1
DA:386,2
DA:387,1
DA:389,1
DA:395,1
DA:396,1
DA:397,4
DA:398,1
DA:400,1
DA:402,1
DA:403,1
DA:404,1
DA:405,1
DA:407,1
DA:413,0
DA:414,0
DA:417,1
DA:422,1
DA:423,4
DA:424,0
DA:425,0
DA:426,0
DA:427,0
DA:429,2
DA:431,1
LF:236
LH:227
end_of_record
SF:lib/models/place.model.dart
DA:16,1
DA:30,0
DA:41,0
DA:42,0
DA:43,0
DA:44,0
DA:45,0
DA:46,0
DA:48,0
DA:50,0
DA:51,0
DA:52,0
DA:53,0
DA:54,0
DA:56,0
DA:57,0
DA:58,0
DA:61,0
DA:64,0
DA:65,0
DA:70,1
DA:71,1
DA:74,0
DA:75,0
DA:78,1
DA:79,1
DA:82,0
DA:83,0
DA:86,1
DA:87,1
DA:90,0
DA:91,0
DA:94,1
DA:95,1
DA:98,0
DA:99,0
DA:102,0
DA:103,0
DA:106,1
DA:107,1
DA:110,1
DA:111,1
LF:42
LH:13
end_of_record
SF:lib/providers/booking.provider.dart
DA:12,1
DA:14,2
DA:15,2
DA:16,2
DA:17,2
DA:20,0
DA:21,0
DA:24,1
DA:25,2
DA:26,2
DA:27,2
DA:30,2
DA:31,2
DA:34,2
DA:35,4
DA:38,0
DA:39,0
LF:17
LH:13
end_of_record
SF:lib/providers/date_picker.provider.dart
DA:8,0
DA:9,0
DA:10,0
DA:11,0
DA:14,1
DA:15,1
DA:18,0
DA:19,0
DA:20,0
DA:21,0
LF:10
LH:2
end_of_record
SF:lib/providers/place.provider.dart
DA:12,0
DA:13,0
DA:14,0
DA:18,1
DA:19,1
DA:22,0
DA:23,0
DA:26,0
DA:27,0
DA:30,0
DA:31,0
DA:34,0
DA:35,0
DA:38,1
DA:39,1
LF:15
LH:4
end_of_record
SF:lib/booking/modalBooking.dart
DA:14,0
DA:15,0
DA:16,0
DA:18,0
DA:21,0
DA:23,0
DA:25,0
DA:28,0
DA:29,0
DA:30,0
DA:31,0
DA:32,0
DA:33,0
DA:34,0
DA:35,0
DA:36,0
DA:37,0
DA:40,0
DA:41,0
DA:43,0
DA:44,0
DA:46,0
DA:47,0
DA:48,0
DA:49,0
DA:52,0
DA:54,0
DA:56,0
DA:57,0
DA:58,0
DA:59,0
DA:60,0
DA:61,0
DA:62,0
DA:65,0
DA:66,0
DA:67,0
DA:68,0
DA:71,0
DA:78,0
DA:80,0
DA:81,0
DA:82,0
DA:85,0
DA:86,0
DA:87,0
DA:90,0
DA:92,0
DA:93,0
DA:94,0
DA:97,0
DA:98,0
DA:99,0
DA:109,0
DA:111,0
DA:113,0
DA:114,0
DA:115,0
DA:117,0
DA:118,0
DA:119,0
DA:120,0
DA:122,0
DA:123,0
DA:124,0
DA:125,0
DA:127,0
DA:130,0
LF:68
LH:0
end_of_record
SF:lib/booking/months.dart
DA:4,3
LF:1
LH:1
end_of_record
SF:lib/booking/messages/errorMessage.dart
DA:7,0
DA:9,0
DA:10,0
DA:11,0
DA:13,0
DA:15,0
DA:17,0
DA:19,0
DA:20,0
DA:21,0
DA:22,0
DA:26,0
DA:27,0
DA:28,0
DA:29,0
DA:33,0
DA:34,0
LF:17
LH:0
end_of_record
SF:lib/booking/messages/successMessage.dart
DA:6,0
DA:8,0
DA:9,0
DA:10,0
DA:12,0
DA:14,0
DA:16,0
DA:17,0
DA:19,0
DA:20,0
DA:24,0
DA:25,0
DA:26,0
DA:30,0
DA:31,0
DA:32,0
DA:33,0
DA:36,0
DA:37,0
DA:38,0
DA:42,0
LF:21
LH:0
end_of_record
SF:lib/booking/messages/waitingMessage.dart
DA:4,0
DA:6,0
DA:7,0
DA:8,0
DA:10,0
DA:12,0
DA:14,0
DA:15,0
DA:18,0
DA:21,0
DA:24,0
DA:25,0
DA:28,0
DA:29,0
LF:14
LH:0
end_of_record
SF:lib/models/booking.model.dart
DA:7,3
DA:9,1
DA:10,1
DA:13,1
DA:14,1
DA:17,1
DA:18,1
DA:21,2
DA:22,2
DA:25,1
DA:26,1
DA:29,1
DA:30,1
DA:33,1
DA:34,1
DA:37,2
DA:38,2
LF:17
LH:17
end_of_record
SF:lib/models/date_picker.model.dart
DA:5,2
DA:7,0
DA:8,0
DA:11,0
DA:12,0
DA:15,1
DA:16,1
DA:19,1
DA:20,1
DA:23,0
DA:24,0
DA:27,0
DA:28,0
DA:31,0
DA:32,0
DA:33,0
DA:34,0
DA:35,0
LF:18
LH:5
end_of_record
SF:lib/repositories/booking.repository.dart
DA:11,0
DA:13,0
DA:16,0
DA:17,0
DA:19,0
DA:20,0
DA:23,0
DA:24,0
DA:25,0
DA:26,0
DA:27,0
DA:28,0
DA:29,0
DA:30,0
DA:31,0
DA:32,0
LF:16
LH:0
end_of_record
SF:lib/repositories/place_details.repository.dart
DA:9,0
DA:10,0
DA:14,0
DA:16,0
DA:17,0
DA:18,0
DA:23,0
DA:25,0
DA:26,0
DA:27,0
DA:30,0
LF:11
LH:0
end_of_record
SF:lib/services/api.service.dart
DA:7,0
DA:8,0
DA:9,0
DA:19,1
DA:20,4
DA:21,6
DA:23,1
DA:24,1
DA:25,1
DA:26,1
DA:28,1
DA:29,2
DA:30,2
DA:31,2
DA:32,2
DA:37,0
DA:38,0
DA:39,0
DA:40,0
DA:41,0
DA:42,0
DA:72,0
DA:76,0
DA:79,0
DA:83,0
DA:89,0
DA:99,0
DA:112,0
DA:113,0
DA:114,0
DA:118,0
DA:120,0
DA:123,0
DA:125,0
DA:129,0
DA:130,0
DA:133,0
DA:135,0
DA:140,0
DA:143,0
DA:145,0
DA:149,0
DA:151,0
DA:152,0
DA:157,0
DA:160,0
LF:46
LH:12
end_of_record
SF:lib/main.dart
DA:16,0
DA:19,1
DA:21,2
DA:22,1
DA:23,1
DA:24,1
DA:26,1
DA:27,1
DA:29,1
DA:30,1
DA:32,1
DA:33,1
DA:35,1
DA:36,1
DA:38,1
DA:39,1
DA:41,1
DA:42,1
DA:44,1
DA:45,1
DA:48,1
LF:21
LH:20
end_of_record
SF:lib/auth.service.dart
DA:10,0
DA:11,0
DA:14,0
DA:15,0
DA:18,0
DA:19,0
DA:24,0
DA:25,0
DA:26,0
DA:27,0
DA:30,0
DA:32,0
DA:35,0
DA:36,0
DA:38,0
DA:40,0
DA:41,0
DA:43,0
DA:45,0
DA:49,0
DA:50,0
DA:51,0
DA:52,0
DA:54,0
DA:56,0
DA:61,0
DA:62,0
DA:63,0
DA:64,0
DA:67,0
DA:71,0
LF:31
LH:0
end_of_record
SF:lib/models/user.model.dart
DA:6,0
DA:8,0
DA:9,0
DA:12,0
DA:13,0
DA:16,0
DA:17,0
LF:7
LH:0
end_of_record
SF:lib/book_card.builder.dart
DA:11,0
DA:14,0
DA:20,0
DA:22,0
DA:23,0
DA:25,0
DA:26,0
DA:27,0
DA:28,0
DA:30,0
DA:31,0
DA:32,0
DA:33,0
DA:35,0
DA:36,0
DA:37,0
DA:39,0
DA:41,0
DA:43,0
DA:45,0
DA:46,0
DA:47,0
DA:48,0
DA:51,0
DA:52,0
DA:56,0
DA:59,0
DA:60,0
DA:61,0
DA:63,0
DA:67,0
DA:68,0
DA:69,0
DA:71,0
DA:72,0
DA:73,0
DA:74,0
DA:76,0
DA:77,0
DA:78,0
DA:82,0
DA:86,0
DA:88,0
DA:89,0
DA:91,0
DA:94,0
DA:98,0
DA:99,0
DA:101,0
DA:102,0
DA:103,0
DA:105,0
DA:108,0
DA:110,0
DA:111,0
DA:112,0
DA:114,0
DA:117,0
DA:118,0
DA:120,0
DA:121,0
DA:122,0
DA:125,0
LF:63
LH:0
end_of_record
SF:lib/models/bookingg.model.dart
DA:13,0
DA:25,0
DA:26,0
DA:27,0
DA:28,0
DA:29,0
DA:30,0
DA:31,0
DA:32,0
DA:33,0
DA:34,0
DA:35,0
DA:37,0
DA:41,0
DA:42,0
DA:45,0
DA:46,0
DA:49,0
DA:50,0
DA:53,0
DA:54,0
DA:57,0
DA:58,0
DA:61,0
DA:62,0
DA:65,0
DA:66,0
DA:69,0
DA:70,0
DA:73,0
DA:74,0
DA:77,0
DA:78,0
LF:33
LH:0
end_of_record
SF:lib/dataSearch.dart
DA:24,0
DA:25,0
DA:28,0
DA:29,0
DA:30,0
DA:31,0
DA:32,0
DA:35,0
DA:37,0
DA:40,0
DA:42,0
DA:44,0
DA:45,0
DA:46,0
DA:47,0
DA:48,0
DA:49,0
DA:51,0
DA:52,0
DA:53,0
DA:54,0
DA:55,0
DA:57,0
DA:58,0
DA:60,0
DA:61,0
DA:65,0
DA:67,0
DA:68,0
DA:69,0
DA:70,0
DA:71,0
DA:75,0
DA:76,0
DA:77,0
DA:78,0
DA:82,0
DA:86,0
DA:88,0
DA:89,0
DA:90,0
DA:91,0
DA:92,0
DA:97,0
DA:99,0
DA:100,0
DA:102,0
DA:104,0
DA:105,0
LF:49
LH:0
end_of_record
SF:lib/models/city.model.dart
DA:4,0
DA:8,0
DA:10,0
DA:11,0
DA:12,0
DA:13,0
DA:15,0
DA:20,0
DA:21,0
DA:22,0
DA:23,0
DA:35,1
DA:40,0
DA:41,0
DA:42,0
DA:43,0
LF:16
LH:1
end_of_record
SF:lib/providers/city.provider.dart
DA:8,0
DA:10,0
DA:11,0
DA:12,0
LF:4
LH:0
end_of_record
SF:lib/date.dart
DA:11,0
DA:12,0
DA:21,0
DA:22,0
DA:23,0
DA:24,0
DA:25,0
DA:26,0
DA:27,0
DA:29,0
DA:30,0
DA:34,0
DA:36,0
DA:37,0
DA:40,0
DA:41,0
DA:42,0
DA:43,0
DA:45,0
DA:46,0
DA:47,0
DA:49,0
DA:50,0
DA:52,0
DA:53,0
DA:55,0
DA:56,0
DA:58,0
DA:60,0
DA:61,0
DA:62,0
DA:63,0
DA:64,0
DA:65,0
DA:66,0
DA:67,0
DA:68,0
DA:72,0
DA:73,0
DA:74,0
DA:75,0
DA:76,0
DA:77,0
DA:78,0
DA:79,0
DA:82,0
DA:83,0
DA:89,0
DA:91,0
DA:93,0
DA:94,0
DA:95,0
DA:100,0
DA:102,0
DA:103,0
DA:105,0
DA:106,0
DA:107,0
DA:108,0
DA:109,0
DA:110,0
DA:112,0
DA:113,0
DA:114,0
DA:116,0
DA:117,0
DA:119,0
DA:121,0
DA:130,0
DA:131,0
DA:136,0
DA:138,0
DA:139,0
DA:141,0
DA:142,0
DA:143,0
DA:144,0
DA:145,0
DA:146,0
DA:149,0
DA:150,0
DA:151,0
DA:153,0
DA:154,0
DA:156,0
DA:158,0
DA:170,0
DA:171,0
DA:172,0
DA:174,0
DA:175,0
DA:176,0
DA:177,0
DA:179,0
DA:180,0
DA:181,0
DA:183,0
DA:185,0
DA:193,0
DA:195,0
DA:196,0
DA:198,0
DA:199,0
DA:200,0
DA:201,0
DA:202,0
DA:203,0
DA:204,0
DA:205,0
DA:208,0
LF:110
LH:0
end_of_record
SF:lib/waveClippert.dart
DA:5,0
DA:7,0
DA:9,0
DA:11,0
DA:12,0
DA:13,0
DA:14,0
DA:16,0
DA:17,0
DA:18,0
DA:19,0
DA:21,0
DA:22,0
DA:26,0
LF:14
LH:0
end_of_record
SF:lib/error.page.dart
DA:5,0
DA:7,0
DA:8,0
DA:10,0
DA:11,0
DA:13,0
DA:16,0
DA:17,0
DA:19,0
DA:22,0
LF:10
LH:0
end_of_record
SF:lib/home.page.dart
DA:15,3
DA:16,3
DA:17,3
DA:20,1
DA:21,1
DA:28,1
DA:30,1
DA:31,1
DA:32,1
DA:33,1
DA:34,1
DA:35,1
DA:37,1
DA:38,1
DA:39,1
DA:40,1
DA:41,1
DA:42,1
DA:43,1
DA:46,3
DA:51,1
DA:52,1
DA:53,1
DA:54,1
DA:55,1
DA:58,1
DA:60,1
DA:61,1
DA:62,1
DA:63,1
DA:65,1
DA:69,1
DA:70,1
DA:73,1
DA:75,1
DA:76,1
DA:77,1
DA:78,1
DA:82,1
DA:84,1
DA:88,1
DA:92,1
DA:95,1
DA:96,1
DA:97,1
DA:98,0
DA:99,0
DA:102,0
DA:115,1
DA:118,1
DA:119,1
DA:120,0
DA:127,1
DA:128,1
DA:130,1
DA:131,1
DA:132,1
DA:134,1
DA:136,1
DA:137,1
DA:139,1
DA:140,1
DA:141,1
DA:143,1
DA:144,1
DA:152,1
DA:154,2
DA:155,1
DA:156,1
DA:157,1
DA:159,1
DA:160,1
DA:161,0
DA:162,0
DA:164,0
DA:165,0
DA:166,0
DA:171,1
DA:172,1
DA:174,1
DA:184,1
DA:190,1
DA:192,1
DA:194,3
DA:196,5
DA:197,4
DA:198,1
DA:199,4
DA:201,4
DA:202,5
DA:203,1
DA:204,4
DA:206,2
DA:207,1
DA:211,0
DA:215,0
DA:216,0
DA:218,0
DA:219,0
DA:220,0
DA:221,0
DA:223,0
LF:102
LH:85
end_of_record
SF:lib/home_card.dart
DA:5,0
DA:15,0
DA:17,0
DA:19,0
DA:20,0
DA:21,0
DA:22,0
DA:24,0
DA:26,0
DA:28,0
DA:30,0
DA:31,0
DA:32,0
DA:33,0
DA:34,0
DA:38,0
DA:39,0
DA:40,0
DA:41,0
DA:42,0
LF:20
LH:0
end_of_record
SF:lib/models/home_card.model.dart
DA:5,0
DA:7,0
DA:8,0
DA:11,0
DA:12,0
LF:5
LH:0
end_of_record
SF:lib/providers/home_cards.provider.dart
DA:9,1
DA:10,3
LF:2
LH:2
end_of_record
SF:lib/main_drawer.dart
DA:11,0
DA:13,0
DA:14,0
DA:15,0
DA:16,0
DA:17,0
DA:19,0
DA:21,0
DA:22,0
DA:23,0
DA:24,0
DA:25,0
DA:26,0
DA:30,0
DA:31,0
DA:32,0
DA:34,0
DA:35,0
DA:39,0
DA:43,0
DA:44,0
DA:45,0
DA:47,0
DA:48,0
DA:52,0
DA:53,0
DA:57,0
DA:65,0
DA:66,0
DA:67,0
DA:68,0
DA:69,0
DA:70,0
DA:71,0
DA:73,0
DA:74,0
DA:78,0
DA:79,0
DA:83,0
DA:87,0
DA:88,0
DA:90,0
DA:92,0
DA:93,0
DA:97,0
DA:98,0
DA:102,0
DA:110,0
DA:120,0
DA:122,0
DA:123,0
DA:124,0
DA:125,0
DA:126,0
DA:128,0
DA:130,0
DA:131,0
DA:132,0
DA:133,0
DA:134,0
DA:135,0
DA:137,0
DA:145,0
DA:150,0
DA:160,0
DA:162,0
DA:164,0
DA:165,0
DA:166,0
DA:169,0
DA:172,0
DA:173,0
DA:174,0
DA:175,0
DA:176,0
DA:177,0
DA:178,0
DA:179,0
DA:183,0
DA:185,0
DA:186,0
DA:189,0
DA:190,0
DA:191,0
DA:193,0
DA:194,0
DA:197,0
DA:203,0
DA:206,0
DA:209,0
DA:227,0
DA:228,0
DA:229,0
DA:230,0
DA:231,0
LF:95
LH:0
end_of_record
SF:lib/myFadeLogo.dart
DA:4,2
DA:6,1
DA:7,1
DA:13,1
DA:15,1
DA:16,1
DA:19,1
DA:20,2
DA:21,0
DA:22,0
DA:23,0
DA:24,0
DA:29,1
DA:31,1
DA:32,1
DA:33,1
DA:34,1
DA:35,1
DA:38,2
LF:19
LH:15
end_of_record
SF:lib/providers/bookings_list.provider.dart
DA:8,0
DA:9,0
LF:2
LH:0
end_of_record
SF:lib/providers/rooms_list.provider.dart
DA:11,0
DA:12,0
DA:13,0
DA:15,0
DA:16,0
DA:17,0
DA:19,0
LF:7
LH:0
end_of_record
SF:lib/route_generator.dart
DA:12,1
DA:14,1
DA:15,1
DA:16,3
DA:18,0
DA:19,0
DA:21,0
DA:22,0
DA:24,0
DA:25,0
DA:27,0
DA:28,0
DA:30,0
DA:31,0
DA:34,0
LF:15
LH:4
end_of_record
SF:lib/models/room_card.model.dart
DA:10,0
DA:13,0
DA:14,0
DA:15,0
DA:16,0
DA:17,0
DA:18,0
DA:19,0
DA:20,0
DA:22,0
DA:26,0
DA:27,0
DA:30,0
DA:31,0
DA:34,0
DA:35,0
DA:38,0
DA:39,0
DA:42,0
DA:43,0
DA:46,0
DA:47,0
DA:50,0
DA:51,0
LF:24
LH:0
end_of_record
SF:lib/place_details.dart
DA:23,0
DA:25,0
DA:27,0
DA:28,0
DA:29,0
DA:30,0
DA:31,0
DA:32,0
DA:33,0
DA:34,0
DA:36,0
DA:38,0
DA:40,0
DA:42,0
DA:43,0
DA:44,0
DA:46,0
DA:47,0
DA:48,0
DA:49,0
DA:50,0
DA:51,0
DA:52,0
DA:53,0
DA:54,0
DA:55,0
DA:58,0
DA:60,0
DA:64,0
DA:66,0
DA:69,0
DA:70,0
DA:71,0
DA:72,0
DA:74,0
DA:75,0
DA:76,0
DA:78,0
DA:79,0
DA:80,0
DA:84,0
DA:87,0
DA:89,0
DA:90,0
DA:91,0
DA:95,0
DA:101,0
DA:103,0
DA:104,0
DA:105,0
DA:106,0
DA:107,0
DA:110,0
DA:112,0
DA:114,0
DA:116,0
DA:120,0
DA:128,0
DA:129,0
DA:130,0
DA:131,0
DA:132,0
DA:133,0
DA:134,0
DA:135,0
DA:136,0
DA:137,0
DA:142,0
DA:143,0
DA:144,0
DA:145,0
DA:146,0
DA:147,0
DA:148,0
DA:149,0
DA:150,0
DA:151,0
DA:155,0
DA:156,0
DA:157,0
DA:159,0
DA:160,0
DA:161,0
DA:162,0
DA:165,0
DA:166,0
DA:167,0
DA:168,0
DA:169,0
DA:174,0
DA:175,0
DA:176,0
DA:180,0
DA:187,0
DA:189,0
DA:191,0
DA:192,0
DA:193,0
DA:195,0
DA:201,0
DA:202,0
DA:211,0
DA:212,0
DA:214,0
LF:104
LH:0
end_of_record
SF:lib/rating.builder.dart
DA:4,0
DA:7,0
DA:11,0
DA:13,0
DA:14,0
DA:19,0
DA:20,0
DA:22,0
DA:23,0
DA:24,0
DA:26,0
DA:27,0
DA:29,0
DA:30,0
DA:32,0
DA:33,0
DA:40,0
DA:42,0
DA:45,0
DA:51,0
DA:53,0
DA:56,0
DA:62,0
DA:64,0
DA:67,0
LF:25
LH:0
end_of_record
SF:lib/services.builder.dart
DA:4,0
DA:7,0
DA:11,0
DA:13,0
DA:15,0
DA:16,0
DA:22,0
DA:23,0
DA:36,0
DA:37,0
DA:40,0
DA:41,0
DA:42,0
DA:43,0
DA:44,0
DA:45,0
DA:52,0
DA:56,0
DA:61,0
DA:63,0
DA:64,0
DA:65,0
DA:67,0
DA:69,0
DA:70,0
DA:72,0
DA:73,0
DA:74,0
DA:79,0
DA:80,0
DA:81,0
DA:85,0
LF:32
LH:0
end_of_record
SF:lib/repositories/bookings_list.repository.dart
DA:9,0
DA:11,0
DA:13,0
DA:14,0
DA:15,0
DA:19,0
DA:21,0
DA:22,0
DA:26,0
DA:30,0
DA:32,0
DA:33,0
DA:36,0
DA:39,0
LF:14
LH:0
end_of_record
SF:lib/repositories/home_cards.repository.dart
DA:12,0
DA:13,0
DA:14,0
DA:15,0
DA:16,0
DA:17,0
DA:18,0
DA:23,1
DA:24,1
DA:25,1
DA:26,2
DA:27,2
DA:31,2
DA:33,3
DA:34,3
DA:40,0
DA:42,0
DA:43,0
DA:45,0
DA:47,0
DA:48,1
DA:49,0
DA:50,0
DA:51,0
LF:24
LH:9
end_of_record
SF:lib/repositories/rooms_cards.repository.dart
DA:9,0
DA:12,0
DA:14,0
DA:15,0
DA:16,0
DA:20,0
DA:22,0
DA:23,0
DA:27,0
DA:31,0
DA:33,0
DA:34,0
DA:37,0
DA:40,0
LF:14
LH:0
end_of_record
SF:lib/views/bookings_list.page.dart
DA:14,0
DA:17,0
DA:19,0
DA:21,0
DA:22,0
DA:23,0
DA:24,0
DA:25,0
DA:26,0
DA:29,0
DA:31,0
DA:33,0
DA:35,0
DA:37,0
DA:38,0
DA:39,0
DA:40,0
DA:41,0
DA:42,0
DA:43,0
DA:44,0
DA:45,0
DA:50,0
DA:51,0
DA:53,0
LF:25
LH:0
end_of_record
SF:lib/views/rooms_list.page.dart
DA:15,0
DA:18,0
DA:19,0
DA:21,0
DA:22,0
DA:23,0
DA:24,0
DA:25,0
DA:26,0
DA:29,0
DA:31,0
DA:33,0
DA:35,0
DA:37,0
DA:38,0
DA:39,0
DA:40,0
DA:41,0
DA:42,0
DA:43,0
DA:44,0
DA:45,0
DA:46,0
DA:47,0
DA:48,0
DA:49,0
DA:50,0
DA:51,0
DA:52,0
DA:58,0
DA:59,0
DA:61,0
LF:32
LH:0
end_of_record
SF:lib/search_card.dart
DA:12,0
DA:21,0
DA:32,0
DA:34,0
DA:35,0
DA:37,0
DA:38,0
DA:39,0
DA:40,0
DA:41,0
DA:42,0
DA:44,0
DA:46,0
DA:47,0
DA:48,0
DA:49,0
DA:50,0
DA:51,0
DA:53,0
DA:54,0
DA:57,0
DA:60,0
DA:64,0
DA:67,0
DA:68,0
DA:69,0
DA:70,0
DA:74,0
DA:76,0
DA:77,0
DA:78,0
DA:80,0
DA:81,0
DA:82,0
DA:83,0
DA:84,0
DA:87,0
DA:89,0
DA:90,0
DA:94,0
DA:98,0
DA:104,0
DA:105,0
DA:106,0
DA:108,0
DA:111,0
DA:112,0
DA:113,0
DA:116,0
DA:123,0
DA:124,0
DA:126,0
DA:127,0
DA:131,0
DA:135,0
DA:139,0
DA:141,0
DA:142,0
DA:143,0
DA:146,0
DA:149,0
DA:151,0
DA:152,0
DA:153,0
DA:156,0
LF:65
LH:0
end_of_record
